<?xml version="1.0" encoding="UTF-8"?>
<testng-results ignored="0" total="1" passed="1" failed="0" skipped="0">
  <reporter-output>
  </reporter-output>
  <suite started-at="2025-04-11T11:04:54 IST" name="Suite" finished-at="2025-04-11T11:05:20 IST" duration-ms="26327">
    <groups>
    </groups>
    <test started-at="2025-04-11T11:04:54 IST" name="Test" finished-at="2025-04-11T11:05:20 IST" duration-ms="26327">
      <class name="com.testCases.TC_001">
        <test-method is-config="true" signature="setup()[pri:0, instance:com.testCases.TC_001@5d534f5d]" started-at="2025-04-11T11:04:54 IST" name="setup" finished-at="2025-04-11T11:05:06 IST" duration-ms="12326" status="PASS">
          <reporter-output>
          </reporter-output>
        </test-method> <!-- setup -->
        <test-method signature="BookTicket()[pri:0, instance:com.testCases.TC_001@5d534f5d]" started-at="2025-04-11T11:05:06 IST" name="BookTicket" finished-at="2025-04-11T11:05:18 IST" duration-ms="11587" status="PASS">
          <reporter-output>
          </reporter-output>
        </test-method> <!-- BookTicket -->
        <test-method is-config="true" signature="teardown()[pri:0, instance:com.testCases.TC_001@5d534f5d]" started-at="2025-04-11T11:05:18 IST" name="teardown" finished-at="2025-04-11T11:05:20 IST" duration-ms="2325" status="PASS">
          <reporter-output>
          </reporter-output>
        </test-method> <!-- teardown -->
      </class> <!-- com.testCases.TC_001 -->
    </test> <!-- Test -->
  </suite> <!-- Suite -->
</testng-results>
