<?xml version="1.0" encoding="UTF-8"?>
<testng-results ignored="0" total="1" passed="1" failed="0" skipped="0">
  <reporter-output>
  </reporter-output>
  <suite started-at="2025-04-12T12:18:51 IST" name="Suite" finished-at="2025-04-12T12:21:40 IST" duration-ms="169762">
    <groups>
    </groups>
    <test started-at="2025-04-12T12:18:51 IST" name="Test" finished-at="2025-04-12T12:21:40 IST" duration-ms="169762">
      <class name="com.testCases.TC_001">
        <test-method is-config="true" signature="setup()[pri:0, instance:com.testCases.TC_001@5d534f5d]" started-at="2025-04-12T12:18:51 IST" name="setup" finished-at="2025-04-12T12:20:04 IST" duration-ms="73720" status="PASS">
          <reporter-output>
          </reporter-output>
        </test-method> <!-- setup -->
        <test-method signature="BookTicket()[pri:0, instance:com.testCases.TC_001@5d534f5d]" started-at="2025-04-12T12:20:05 IST" name="BookTicket" finished-at="2025-04-12T12:21:35 IST" duration-ms="90224" status="PASS">
          <reporter-output>
          </reporter-output>
        </test-method> <!-- BookTicket -->
        <test-method is-config="true" signature="teardown()[pri:0, instance:com.testCases.TC_001@5d534f5d]" started-at="2025-04-12T12:21:35 IST" name="teardown" finished-at="2025-04-12T12:21:40 IST" duration-ms="5608" status="PASS">
          <reporter-output>
          </reporter-output>
        </test-method> <!-- teardown -->
      </class> <!-- com.testCases.TC_001 -->
    </test> <!-- Test -->
  </suite> <!-- Suite -->
</testng-results>
