<?xml version="1.0" encoding="UTF-8"?>
<testng-results ignored="0" total="1" passed="1" failed="0" skipped="0">
  <reporter-output>
  </reporter-output>
  <suite started-at="2025-04-12T14:19:28 IST" name="Default suite" finished-at="2025-04-12T14:20:01 IST" duration-ms="33114">
    <groups>
    </groups>
    <test started-at="2025-04-12T14:19:28 IST" name="Default test" finished-at="2025-04-12T14:20:01 IST" duration-ms="33114">
      <class name="com.testCases.TC_001">
        <test-method is-config="true" signature="setup()[pri:0, instance:com.testCases.TC_001@543295b0]" started-at="2025-04-12T14:19:28 IST" name="setup" finished-at="2025-04-12T14:19:48 IST" duration-ms="19798" status="PASS">
          <reporter-output>
          </reporter-output>
        </test-method> <!-- setup -->
        <test-method signature="BookTicket()[pri:0, instance:com.testCases.TC_001@543295b0]" started-at="2025-04-12T14:19:48 IST" name="BookTicket" finished-at="2025-04-12T14:19:59 IST" duration-ms="10941" status="PASS">
          <reporter-output>
          </reporter-output>
        </test-method> <!-- BookTicket -->
        <test-method is-config="true" signature="teardown()[pri:0, instance:com.testCases.TC_001@543295b0]" started-at="2025-04-12T14:19:59 IST" name="teardown" finished-at="2025-04-12T14:20:01 IST" duration-ms="2263" status="PASS">
          <reporter-output>
          </reporter-output>
        </test-method> <!-- teardown -->
      </class> <!-- com.testCases.TC_001 -->
    </test> <!-- Default test -->
  </suite> <!-- Default suite -->
</testng-results>
