<?xml version="1.0" encoding="UTF-8"?>
<testng-results ignored="0" total="1" passed="1" failed="0" skipped="0">
  <reporter-output>
  </reporter-output>
  <suite started-at="2025-04-10T12:03:14 IST" name="Default suite" finished-at="2025-04-10T12:04:41 IST" duration-ms="87015">
    <groups>
    </groups>
    <test started-at="2025-04-10T12:03:14 IST" name="Default test" finished-at="2025-04-10T12:04:41 IST" duration-ms="87015">
      <class name="com.testCases.TC_001">
        <test-method is-config="true" signature="setup()[pri:0, instance:com.testCases.TC_001@4c12331b]" started-at="2025-04-10T12:03:14 IST" name="setup" finished-at="2025-04-10T12:04:13 IST" duration-ms="58547" status="PASS">
          <reporter-output>
          </reporter-output>
        </test-method> <!-- setup -->
        <test-method signature="BookTicket()[pri:0, instance:com.testCases.TC_001@4c12331b]" started-at="2025-04-10T12:04:13 IST" name="BookTicket" finished-at="2025-04-10T12:04:38 IST" duration-ms="25469" status="PASS">
          <reporter-output>
          </reporter-output>
        </test-method> <!-- BookTicket -->
        <test-method is-config="true" signature="teardown()[pri:0, instance:com.testCases.TC_001@4c12331b]" started-at="2025-04-10T12:04:38 IST" name="teardown" finished-at="2025-04-10T12:04:41 IST" duration-ms="2640" status="PASS">
          <reporter-output>
          </reporter-output>
        </test-method> <!-- teardown -->
      </class> <!-- com.testCases.TC_001 -->
    </test> <!-- Default test -->
  </suite> <!-- Default suite -->
</testng-results>
